





<!DOCTYPE html>
<html>

<head>
    <meta charset="utf-8">
    <meta name="viewport" content="width=device-width, initial-scale=1, shrink-to-fit=no">
    <title>C:\Users\ADMIN\NewEclipseWorkspace\PageObjectModelPractice2\reports\Extent_Mon_Jul_20_17_13_30_IST_2020.html</title>
        <link rel="apple-touch-icon" href="https://cdn.jsdelivr.net/gh/extent-framework/extent-github-cdn@b00a2d0486596e73dd7326beacf352c639623a0e/commons/img/logo.png">
        <link rel="shortcut icon" href="https://cdn.jsdelivr.net/gh/extent-framework/extent-github-cdn@b00a2d0486596e73dd7326beacf352c639623a0e/commons/img/logo.png">
	    <link href="https://cdn.jsdelivr.net/gh/extent-framework/extent-github-cdn@7e408aed24af91e1ad76f49a74ecfa0ef1d97cfb/spark/css/spark-style.css" rel="stylesheet" />
        <link href="https://stackpath.bootstrapcdn.com/font-awesome/4.7.0/css/font-awesome.min.css" rel="stylesheet">
<style type="text/css">

</style></head>    <script src="https://cdn.rawgit.com/extent-framework/extent-github-cdn/7cc78ce/spark/js/jsontree.js"></script>
<body class="spa -report standard">
    <div class="app header-dark side-nav-folded">
        <div class="layout">
<div class="header navbar">
    <div class="header-container">
        <div class="nav-logo">
          <a href="index.html">
            <div class="logo logo-dark" style="background-image: url('https://cdn.rawgit.com/extent-framework/extent-github-cdn/d74480e/commons/img/logo.png')"></div>
            <div class="logo logo-white" style="background-image: url('https://cdn.rawgit.com/extent-framework/extent-github-cdn/d74480e/commons/img/logo.png')"></div>
          </a>
        </div>
        <ul class="nav-left">
          <li>
            <a class="sidenav-fold-toggler" href="javascript:void(0);">
              <i class="fa fa-bars"></i>
            </a>
            <a class="sidenav-expand-toggler" href="javascript:void(0);">
              <i class="fa fa-bars"></i>
            </a>
          </li>
          <li class="search-box">
            <a class="search-toggle" href="javascript:void(0);">
              <i class="search-icon fa fa-search"></i>
              <i class="search-icon-close fa fa-close"></i>
            </a>
          </li>
          <li class="search-input">
            <input id="search-tests" class="form-control" type="text" placeholder="Type to search...">
          </li>
        </ul>
        <ul class="nav-right">
          <li class="m-r-10">
            <a href="#">
              <span class="badge badge-primary">C:\Users\ADMIN\NewEclipseWorkspace\PageObjectModelPractice2\reports\Extent_Mon_Jul_20_17_13_30_IST_2020.html</span>
            </a>
          </li>
            <li class="m-r-10">
                <a href="#">
                    <span class="badge badge-primary">Jul 20, 2020 05:13:31 PM</span>
                </a>
            </li>
        </ul>
    </div>
</div><div class="side-nav side-nav-folded">
  <div class="side-nav-inner">
    <ul class="side-nav-menu scrollable">
      <li class="nav-item dropdown" onclick="toggleView('test-view')">
        <a id="nav-test" class="dropdown-toggle" href="index.html">
          <span class="icon-holder">
            <i class="fa fa-align-left"></i>
          </span>
          <span class="title">Tests</span>
        </a>
      </li>
            <li class="nav-item dropdown" onclick="toggleView('dashboard-view')">
        <a id="nav-dashboard" class="dropdown-toggle" href="dashboard.html">
          <span class="icon-holder">
            <i class="fa fa-bar-chart"></i>
          </span>
          <span class="title">Dashboard</span>
        </a>
      </li>
    </ul>
  </div>
</div>            <div class="page-container">
                <div class="main-content">
<div class="test-wrapper row test-view">
	<div class="test-list">
		<div class="test-list-tools">
			<ul class="tools pull-left">
				<li>
					<a href="">
					<span class="font-size-14">Tests</span>
					</a>
				</li>
			</ul>
			<ul class="tools text-right">
				<li class="user-profile dropdown dropdown-animated scale-left">
					<a href="#" class="dropdown-toggle" data-toggle="dropdown">
					<i class="fa fa-exclamation-circle"></i>
					</a>
					<ul id="status-toggle" class="dropdown-menu dropdown-md p-v-0">
						<a class="dropdown-item" status="pass" href="#"><span>Pass</span><span class="status success pull-right"></span></a>
						<a class="dropdown-item" status="fail" href="#"><span>Fail</span><span class="status danger pull-right"></span></a>
						
						
						
						
						<div class="dropdown-divider"></div>
						<a status="clear" class="dropdown-item" href="#"><span>Clear</span><span class="pull-right"><i class="fa fa-close"></i></span></a>
					</ul>
				</li>
			</ul>
		</div>
		<div class="test-list-wrapper scrollable">
			<ul class="test-list-item">
				<li class="test-item"  status="pass" test-id="1"
					author=""
					tag=""
					device="">
					<div class="status-avatar pass-bg">
						<i class="fa fa-check text-white"></i>
					</div>
					<div class="open-test">
						<div class="test-detail">
							<p class="name">com.crm.qa.testcases.CreateAccountPageTest @TestCase : verifyFormFilledSuccessfully</p>
							<p class="duration text-sm">0h 0m 14s+873ms</p>
							<span class="datetime">17:13:54 PM</span>
						</div>
					</div>
					<div class="test-contents d-none">
						<div class="detail-head">
							<div class="p-v-10 d-inline-block">
								<div class="info">
									<h5 class="test-status text-pass">com.crm.qa.testcases.CreateAccountPageTest @TestCase : verifyFormFilledSuccessfully</h5>
									<span class='badge badge-success'>07.20.2020 17:13:54</span>
									<span class='badge badge-danger'>07.20.2020 17:14:09</span>
									<span class='badge badge-default'>0h 0m 14s+873ms</span>
								</div>
								<div class="m-t-10 m-l-5">
									
								</div>
							</div>
						</div>
<div class="detail-body mt-4">                                              
<table class="table table-sm">
	<thead><tr>
		<th class="status-col">Status</th>
		<th class="timestamp-col">Timestamp</th>
		<th class="details-col">Details</th>
	</tr></thead>
	<tbody>
			<tr class="event-row">
				<td><i class="fa fa-check text-pass"></i></td>
				<td>5:14:09 PM</td>
				<td>
						<span class='badge white-text green'><b>TEST CASE:- VERIFYFORMFILLEDSUCCESSFULLY PASSED</b></span>
				</td>
			</tr>
	</tbody>
</table>
</div>
					</div>
				</li>
				<li class="test-item"  status="fail" test-id="2"
					author=""
					tag=""
					device="">
					<div class="status-avatar fail-bg">
						<i class="fa fa-times text-white"></i>
					</div>
					<div class="open-test">
						<div class="test-detail">
							<p class="name">com.crm.qa.testcases.MyAccountPageTest @TestCase : verifyLogoutLoginSuccessfully</p>
							<p class="duration text-sm">0h 0m 11s+10ms</p>
							<span class="datetime">17:14:26 PM</span>
						</div>
					</div>
					<div class="test-contents d-none">
						<div class="detail-head">
							<div class="p-v-10 d-inline-block">
								<div class="info">
									<h5 class="test-status text-fail">com.crm.qa.testcases.MyAccountPageTest @TestCase : verifyLogoutLoginSuccessfully</h5>
									<span class='badge badge-success'>07.20.2020 17:14:26</span>
									<span class='badge badge-danger'>07.20.2020 17:14:37</span>
									<span class='badge badge-default'>0h 0m 11s+10ms</span>
								</div>
								<div class="m-t-10 m-l-5">
									
								</div>
							</div>
						</div>
<div class="detail-body mt-4">                                              
<table class="table table-sm">
	<thead><tr>
		<th class="status-col">Status</th>
		<th class="timestamp-col">Timestamp</th>
		<th class="details-col">Details</th>
	</tr></thead>
	<tbody>
			<tr class="event-row">
				<td><i class="fa fa-times text-fail"></i></td>
				<td>5:14:37 PM</td>
				<td>
						<details><summary><b><font color=red>Exception Occured:Click to see</font></b ></summary>[sun.reflect.NativeConstructorAccessorImpl.newInstance0(Native Method)<br> sun.reflect.NativeConstructorAccessorImpl.newInstance(Unknown Source)<br> sun.reflect.DelegatingConstructorAccessorImpl.newInstance(Unknown Source)<br> java.lang.reflect.Constructor.newInstance(Unknown Source)<br> org.openqa.selenium.remote.http.W3CHttpResponseCodec.createException(W3CHttpResponseCodec.java:187)<br> org.openqa.selenium.remote.http.W3CHttpResponseCodec.decode(W3CHttpResponseCodec.java:122)<br> org.openqa.selenium.remote.http.W3CHttpResponseCodec.decode(W3CHttpResponseCodec.java:49)<br> org.openqa.selenium.remote.HttpCommandExecutor.execute(HttpCommandExecutor.java:158)<br> org.openqa.selenium.remote.service.DriverCommandExecutor.execute(DriverCommandExecutor.java:83)<br> org.openqa.selenium.remote.RemoteWebDriver.execute(RemoteWebDriver.java:552)<br> org.openqa.selenium.remote.RemoteWebDriver.findElement(RemoteWebDriver.java:323)<br> org.openqa.selenium.remote.RemoteWebDriver.findElementByXPath(RemoteWebDriver.java:428)<br> org.openqa.selenium.By$ByXPath.findElement(By.java:353)<br> org.openqa.selenium.remote.RemoteWebDriver.findElement(RemoteWebDriver.java:315)<br> sun.reflect.GeneratedMethodAccessor2.invoke(Unknown Source)<br> sun.reflect.DelegatingMethodAccessorImpl.invoke(Unknown Source)<br> java.lang.reflect.Method.invoke(Unknown Source)<br> org.openqa.selenium.support.events.EventFiringWebDriver.lambda$new$1(EventFiringWebDriver.java:105)<br> com.sun.proxy.$Proxy8.findElement(Unknown Source)<br> org.openqa.selenium.support.events.EventFiringWebDriver.findElement(EventFiringWebDriver.java:194)<br> org.openqa.selenium.support.pagefactory.DefaultElementLocator.findElement(DefaultElementLocator.java:69)<br> org.openqa.selenium.support.pagefactory.internal.LocatingElementHandler.invoke(LocatingElementHandler.java:38)<br> com.sun.proxy.$Proxy12.click(Unknown Source)<br> com.crm.qa.pages.MyAccountPage.clickLogOut(MyAccountPage.java:53)<br> com.crm.qa.testcases.MyAccountPageTest.verifyLogoutLoginSuccessfully(MyAccountPageTest.java:82)<br> sun.reflect.NativeMethodAccessorImpl.invoke0(Native Method)<br> sun.reflect.NativeMethodAccessorImpl.invoke(Unknown Source)<br> sun.reflect.DelegatingMethodAccessorImpl.invoke(Unknown Source)<br> java.lang.reflect.Method.invoke(Unknown Source)<br> org.testng.internal.MethodInvocationHelper.invokeMethod(MethodInvocationHelper.java:134)<br> org.testng.internal.TestInvoker.invokeMethod(TestInvoker.java:597)<br> org.testng.internal.TestInvoker.invokeTestMethod(TestInvoker.java:173)<br> org.testng.internal.MethodRunner.runInSequence(MethodRunner.java:46)<br> org.testng.internal.TestInvoker$MethodInvocationAgent.invoke(TestInvoker.java:816)<br> org.testng.internal.TestInvoker.invokeTestMethods(TestInvoker.java:146)<br> org.testng.internal.TestMethodWorker.invokeTestMethods(TestMethodWorker.java:146)<br> org.testng.internal.TestMethodWorker.run(TestMethodWorker.java:128)<br> java.util.ArrayList.forEach(Unknown Source)<br> org.testng.TestRunner.privateRun(TestRunner.java:766)<br> org.testng.TestRunner.run(TestRunner.java:587)<br> org.testng.SuiteRunner.runTest(SuiteRunner.java:384)<br> org.testng.SuiteRunner.runSequentially(SuiteRunner.java:378)<br> org.testng.SuiteRunner.privateRun(SuiteRunner.java:337)<br> org.testng.SuiteRunner.run(SuiteRunner.java:286)<br> org.testng.SuiteRunnerWorker.runSuite(SuiteRunnerWorker.java:53)<br> org.testng.SuiteRunnerWorker.run(SuiteRunnerWorker.java:96)<br> org.testng.TestNG.runSuitesSequentially(TestNG.java:1187)<br> org.testng.TestNG.runSuitesLocally(TestNG.java:1109)<br> org.testng.TestNG.runSuites(TestNG.java:1039)<br> org.testng.TestNG.run(TestNG.java:1007)<br> org.testng.remote.AbstractRemoteTestNG.run(AbstractRemoteTestNG.java:115)<br> org.testng.remote.RemoteTestNG.initAndRun(RemoteTestNG.java:251)<br> org.testng.remote.RemoteTestNG.main(RemoteTestNG.java:77)]</details>
				</td>
			</tr>
			<tr class="event-row">
				<td><i class="fa fa-times text-fail"></i></td>
				<td>5:14:37 PM</td>
				<td>
						<b><font color=red>Screenshot of failure</font></b>
						<img class='r-img' onerror='this.style.display="none"' data-featherlight='1970-01-01.jpg' src='1970-01-01.jpg'>
				</td>
			</tr>
			<tr class="event-row">
				<td><i class="fa fa-times text-fail"></i></td>
				<td>5:14:37 PM</td>
				<td>
						<span class='badge white-text red'>TEST CASE FAILED</span>
				</td>
			</tr>
	</tbody>
</table>
</div>
					</div>
				</li>
				<li class="test-item"  status="pass" test-id="3"
					author=""
					tag=""
					device="">
					<div class="status-avatar pass-bg">
						<i class="fa fa-check text-white"></i>
					</div>
					<div class="open-test">
						<div class="test-detail">
							<p class="name">com.crm.qa.testcases.OrderConfirmationPageTest @TestCase : verifyCorrectAmountCalculated</p>
							<p class="duration text-sm">0h 0m 16s+538ms</p>
							<span class="datetime">17:14:51 PM</span>
						</div>
					</div>
					<div class="test-contents d-none">
						<div class="detail-head">
							<div class="p-v-10 d-inline-block">
								<div class="info">
									<h5 class="test-status text-pass">com.crm.qa.testcases.OrderConfirmationPageTest @TestCase : verifyCorrectAmountCalculated</h5>
									<span class='badge badge-success'>07.20.2020 17:14:51</span>
									<span class='badge badge-danger'>07.20.2020 17:15:08</span>
									<span class='badge badge-default'>0h 0m 16s+538ms</span>
								</div>
								<div class="m-t-10 m-l-5">
									
								</div>
							</div>
						</div>
<div class="detail-body mt-4">                                              
<table class="table table-sm">
	<thead><tr>
		<th class="status-col">Status</th>
		<th class="timestamp-col">Timestamp</th>
		<th class="details-col">Details</th>
	</tr></thead>
	<tbody>
			<tr class="event-row">
				<td><i class="fa fa-check text-pass"></i></td>
				<td>5:15:08 PM</td>
				<td>
						<span class='badge white-text green'><b>TEST CASE:- VERIFYCORRECTAMOUNTCALCULATED PASSED</b></span>
				</td>
			</tr>
	</tbody>
</table>
</div>
					</div>
				</li>
				<li class="test-item"  status="pass" test-id="4"
					author=""
					tag=""
					device="">
					<div class="status-avatar pass-bg">
						<i class="fa fa-check text-white"></i>
					</div>
					<div class="open-test">
						<div class="test-detail">
							<p class="name">com.crm.qa.testcases.OrderConfirmationPageTest @TestCase : verifyCorrectAmountShownInOrderHistoryPage</p>
							<p class="duration text-sm">0h 0m 30s+712ms</p>
							<span class="datetime">17:15:25 PM</span>
						</div>
					</div>
					<div class="test-contents d-none">
						<div class="detail-head">
							<div class="p-v-10 d-inline-block">
								<div class="info">
									<h5 class="test-status text-pass">com.crm.qa.testcases.OrderConfirmationPageTest @TestCase : verifyCorrectAmountShownInOrderHistoryPage</h5>
									<span class='badge badge-success'>07.20.2020 17:15:25</span>
									<span class='badge badge-danger'>07.20.2020 17:15:56</span>
									<span class='badge badge-default'>0h 0m 30s+712ms</span>
								</div>
								<div class="m-t-10 m-l-5">
									
								</div>
							</div>
						</div>
<div class="detail-body mt-4">                                              
<table class="table table-sm">
	<thead><tr>
		<th class="status-col">Status</th>
		<th class="timestamp-col">Timestamp</th>
		<th class="details-col">Details</th>
	</tr></thead>
	<tbody>
			<tr class="event-row">
				<td><i class="fa fa-check text-pass"></i></td>
				<td>5:15:56 PM</td>
				<td>
						<span class='badge white-text green'><b>TEST CASE:- VERIFYCORRECTAMOUNTSHOWNINORDERHISTORYPAGE PASSED</b></span>
				</td>
			</tr>
	</tbody>
</table>
</div>
					</div>
				</li>
				<li class="test-item"  status="pass" test-id="5"
					author=""
					tag=""
					device="">
					<div class="status-avatar pass-bg">
						<i class="fa fa-check text-white"></i>
					</div>
					<div class="open-test">
						<div class="test-detail">
							<p class="name">com.crm.qa.testcases.OrderConfirmationPageTest @TestCase : verifyCorrectAmountShownInPaymentPage</p>
							<p class="duration text-sm">0h 0m 22s+844ms</p>
							<span class="datetime">17:16:12 PM</span>
						</div>
					</div>
					<div class="test-contents d-none">
						<div class="detail-head">
							<div class="p-v-10 d-inline-block">
								<div class="info">
									<h5 class="test-status text-pass">com.crm.qa.testcases.OrderConfirmationPageTest @TestCase : verifyCorrectAmountShownInPaymentPage</h5>
									<span class='badge badge-success'>07.20.2020 17:16:12</span>
									<span class='badge badge-danger'>07.20.2020 17:16:35</span>
									<span class='badge badge-default'>0h 0m 22s+844ms</span>
								</div>
								<div class="m-t-10 m-l-5">
									
								</div>
							</div>
						</div>
<div class="detail-body mt-4">                                              
<table class="table table-sm">
	<thead><tr>
		<th class="status-col">Status</th>
		<th class="timestamp-col">Timestamp</th>
		<th class="details-col">Details</th>
	</tr></thead>
	<tbody>
			<tr class="event-row">
				<td><i class="fa fa-check text-pass"></i></td>
				<td>5:16:35 PM</td>
				<td>
						<span class='badge white-text green'><b>TEST CASE:- VERIFYCORRECTAMOUNTSHOWNINPAYMENTPAGE PASSED</b></span>
				</td>
			</tr>
	</tbody>
</table>
</div>
					</div>
				</li>
				<li class="test-item"  status="pass" test-id="6"
					author=""
					tag=""
					device="">
					<div class="status-avatar pass-bg">
						<i class="fa fa-check text-white"></i>
					</div>
					<div class="open-test">
						<div class="test-detail">
							<p class="name">com.crm.qa.testcases.OrderConfirmationPageTest @TestCase : verifyCorrectAmountShownInShoppingCartSummaryPage</p>
							<p class="duration text-sm">0h 0m 13s+291ms</p>
							<span class="datetime">17:16:54 PM</span>
						</div>
					</div>
					<div class="test-contents d-none">
						<div class="detail-head">
							<div class="p-v-10 d-inline-block">
								<div class="info">
									<h5 class="test-status text-pass">com.crm.qa.testcases.OrderConfirmationPageTest @TestCase : verifyCorrectAmountShownInShoppingCartSummaryPage</h5>
									<span class='badge badge-success'>07.20.2020 17:16:54</span>
									<span class='badge badge-danger'>07.20.2020 17:17:07</span>
									<span class='badge badge-default'>0h 0m 13s+291ms</span>
								</div>
								<div class="m-t-10 m-l-5">
									
								</div>
							</div>
						</div>
<div class="detail-body mt-4">                                              
<table class="table table-sm">
	<thead><tr>
		<th class="status-col">Status</th>
		<th class="timestamp-col">Timestamp</th>
		<th class="details-col">Details</th>
	</tr></thead>
	<tbody>
			<tr class="event-row">
				<td><i class="fa fa-check text-pass"></i></td>
				<td>5:17:07 PM</td>
				<td>
						<span class='badge white-text green'><b>TEST CASE:- VERIFYCORRECTAMOUNTSHOWNINSHOPPINGCARTSUMMARYPAGE PASSED</b></span>
				</td>
			</tr>
	</tbody>
</table>
</div>
					</div>
				</li>
				<li class="test-item"  status="fail" test-id="7"
					author=""
					tag=""
					device="">
					<div class="status-avatar fail-bg">
						<i class="fa fa-times text-white"></i>
					</div>
					<div class="open-test">
						<div class="test-detail">
							<p class="name">com.crm.qa.testcases.OrderConfirmationPageTest @TestCase : verifyCorrectTotalAmountCalculated</p>
							<p class="duration text-sm">0h 0m 15s+799ms</p>
							<span class="datetime">17:17:25 PM</span>
						</div>
					</div>
					<div class="test-contents d-none">
						<div class="detail-head">
							<div class="p-v-10 d-inline-block">
								<div class="info">
									<h5 class="test-status text-fail">com.crm.qa.testcases.OrderConfirmationPageTest @TestCase : verifyCorrectTotalAmountCalculated</h5>
									<span class='badge badge-success'>07.20.2020 17:17:25</span>
									<span class='badge badge-danger'>07.20.2020 17:17:41</span>
									<span class='badge badge-default'>0h 0m 15s+799ms</span>
								</div>
								<div class="m-t-10 m-l-5">
									
								</div>
							</div>
						</div>
<div class="detail-body mt-4">                                              
<table class="table table-sm">
	<thead><tr>
		<th class="status-col">Status</th>
		<th class="timestamp-col">Timestamp</th>
		<th class="details-col">Details</th>
	</tr></thead>
	<tbody>
			<tr class="event-row">
				<td><i class="fa fa-times text-fail"></i></td>
				<td>5:17:41 PM</td>
				<td>
						<details><summary><b><font color=red>Exception Occured:Click to see</font></b ></summary>[org.testng.Assert.fail(Assert.java:97)<br> org.testng.Assert.assertEqualsImpl(Assert.java:136)<br> org.testng.Assert.assertEquals(Assert.java:118)<br> org.testng.Assert.assertEquals(Assert.java:839)<br> org.testng.Assert.assertEquals(Assert.java:849)<br> com.crm.qa.testcases.OrderConfirmationPageTest.verifyCorrectTotalAmountCalculated(OrderConfirmationPageTest.java:184)<br> sun.reflect.NativeMethodAccessorImpl.invoke0(Native Method)<br> sun.reflect.NativeMethodAccessorImpl.invoke(Unknown Source)<br> sun.reflect.DelegatingMethodAccessorImpl.invoke(Unknown Source)<br> java.lang.reflect.Method.invoke(Unknown Source)<br> org.testng.internal.MethodInvocationHelper.invokeMethod(MethodInvocationHelper.java:134)<br> org.testng.internal.TestInvoker.invokeMethod(TestInvoker.java:597)<br> org.testng.internal.TestInvoker.invokeTestMethod(TestInvoker.java:173)<br> org.testng.internal.MethodRunner.runInSequence(MethodRunner.java:46)<br> org.testng.internal.TestInvoker$MethodInvocationAgent.invoke(TestInvoker.java:816)<br> org.testng.internal.TestInvoker.invokeTestMethods(TestInvoker.java:146)<br> org.testng.internal.TestMethodWorker.invokeTestMethods(TestMethodWorker.java:146)<br> org.testng.internal.TestMethodWorker.run(TestMethodWorker.java:128)<br> java.util.ArrayList.forEach(Unknown Source)<br> org.testng.TestRunner.privateRun(TestRunner.java:766)<br> org.testng.TestRunner.run(TestRunner.java:587)<br> org.testng.SuiteRunner.runTest(SuiteRunner.java:384)<br> org.testng.SuiteRunner.runSequentially(SuiteRunner.java:378)<br> org.testng.SuiteRunner.privateRun(SuiteRunner.java:337)<br> org.testng.SuiteRunner.run(SuiteRunner.java:286)<br> org.testng.SuiteRunnerWorker.runSuite(SuiteRunnerWorker.java:53)<br> org.testng.SuiteRunnerWorker.run(SuiteRunnerWorker.java:96)<br> org.testng.TestNG.runSuitesSequentially(TestNG.java:1187)<br> org.testng.TestNG.runSuitesLocally(TestNG.java:1109)<br> org.testng.TestNG.runSuites(TestNG.java:1039)<br> org.testng.TestNG.run(TestNG.java:1007)<br> org.testng.remote.AbstractRemoteTestNG.run(AbstractRemoteTestNG.java:115)<br> org.testng.remote.RemoteTestNG.initAndRun(RemoteTestNG.java:251)<br> org.testng.remote.RemoteTestNG.main(RemoteTestNG.java:77)]</details>
				</td>
			</tr>
			<tr class="event-row">
				<td><i class="fa fa-times text-fail"></i></td>
				<td>5:17:41 PM</td>
				<td>
						<b><font color=red>Screenshot of failure</font></b>
						<img class='r-img' onerror='this.style.display="none"' data-featherlight='1970-01-01.jpg' src='1970-01-01.jpg'>
				</td>
			</tr>
			<tr class="event-row">
				<td><i class="fa fa-times text-fail"></i></td>
				<td>5:17:41 PM</td>
				<td>
						<span class='badge white-text red'>TEST CASE FAILED</span>
				</td>
			</tr>
	</tbody>
</table>
</div>
					</div>
				</li>
				<li class="test-item"  status="pass" test-id="8"
					author=""
					tag=""
					device="">
					<div class="status-avatar pass-bg">
						<i class="fa fa-check text-white"></i>
					</div>
					<div class="open-test">
						<div class="test-detail">
							<p class="name">com.crm.qa.testcases.OrderConfirmationPageTest @TestCase : verifyOrderPlacedSuccessfully</p>
							<p class="duration text-sm">0h 0m 24s+403ms</p>
							<span class="datetime">17:17:56 PM</span>
						</div>
					</div>
					<div class="test-contents d-none">
						<div class="detail-head">
							<div class="p-v-10 d-inline-block">
								<div class="info">
									<h5 class="test-status text-pass">com.crm.qa.testcases.OrderConfirmationPageTest @TestCase : verifyOrderPlacedSuccessfully</h5>
									<span class='badge badge-success'>07.20.2020 17:17:56</span>
									<span class='badge badge-danger'>07.20.2020 17:18:21</span>
									<span class='badge badge-default'>0h 0m 24s+403ms</span>
								</div>
								<div class="m-t-10 m-l-5">
									
								</div>
							</div>
						</div>
<div class="detail-body mt-4">                                              
<table class="table table-sm">
	<thead><tr>
		<th class="status-col">Status</th>
		<th class="timestamp-col">Timestamp</th>
		<th class="details-col">Details</th>
	</tr></thead>
	<tbody>
			<tr class="event-row">
				<td><i class="fa fa-check text-pass"></i></td>
				<td>5:18:21 PM</td>
				<td>
						<span class='badge white-text green'><b>TEST CASE:- VERIFYORDERPLACEDSUCCESSFULLY PASSED</b></span>
				</td>
			</tr>
	</tbody>
</table>
</div>
					</div>
				</li>
			</ul>
		</div>
	</div>
	<div class="test-content scrollable">
		<div class="test-content-tools">
			<ul>
				<li>
					<a class="back-to-test" href="javascript:void(0)">
					<i class="fa fa-arrow-left"></i>
					</a>
				</li>
			</ul>
		</div>
		<div class="test-content-detail">
			<div class="detail-body"></div>
		</div>
	</div>
</div>                    <!-- dashboard -->
<div class="container-fluid p-4 dashboard-view">
	<div class="row">
		<div class="col-md-6">
			<div class="card">
				<div class="card-header">
					<h6 class="card-title">Tests</h6>
				</div>
				<div class="card-body">
					<div class="">
						<canvas id='parent-analysis' width='115' height='90'></canvas>
					</div>
				</div>
				<div class="card-footer">
					<div><small data-tooltip='75%'>
						<b>6</b> tests passed
						</small>
					</div>
					<div>
						<small data-tooltip='25%'><b>2</b> tests failed, 
						<b>0</b> skipped, <b data-tooltip='0%'>0</b> others
						</small>
					</div>
				</div>
			</div>
		</div>
		<div class="col-md-6">
			<div class="card">
				<div class="card-header">
					<h6 class="card-title">Log events</h6>
				</div>
				<div class="card-body">
					<div class="">
						<canvas id='events-analysis' width='115' height='90'></canvas>
					</div>
				</div>
				<div class="card-footer">
					<div><small data-tooltip='50%'><b>6</b> events passed</small></div>
					<div>
						<small data-tooltip='50%'><b>6</b> events failed, 
						<b data-tooltip='0%'>0</b> others
						</small>
					</div>
				</div>
			</div>
		</div>
	</div>
	<div class="row">
		<div class="col-md-3">
			<div class="card">
				<div class="card-body box-height-150">
					<div class="media justify-content-between">
						<div class="card-header">
							<h6 class="card-title">Tests</h6>
							<h2 class="font-size-28 font-weight-light mt-3">8</h2>
							<span class="text-semibold text-success font-size-15">
							<i class="ti-arrow-up font-size-11"></i> 
							<span>75.00%</span>
							</span>
						</div>
						<div class="align-self-end">
							<i class="fa fa-align-left font-size-70 opacity-01"></i>
						</div>
					</div>
				</div>
			</div>
		</div>
		<div class="col-md-3">
			<div class="card">
				<div class="card-body box-height-150">
					<div class="media justify-content-between">
						<div class="card-header">
							<h6 class="card-title">Start</h6>
							<h4 class="font-weight-light mt-4">Jul 20, 2020 05:13:31 PM</h4>
							<span class="text-semibold text-success font-size-15">
						</div>
						<div class="align-self-end">
							<i class="fa fa-clock-o font-size-70 text-success opacity-01"></i>
						</div>
					</div>
				</div>
			</div>
		</div>
		<div class="col-md-3">
			<div class="card">
				<div class="card-body box-height-150">
					<div class="media justify-content-between">
						<div class="card-header">
							<h6 class="card-title">Duration</h6>
							<h4 class="font-weight-light mt-4">0h 4m 50s+934ms</h4>
							<span class="text-semibold font-size-15">
						</div>
						<div class="align-self-end">
							<i class="fa fa-clock-o font-size-70 opacity-01"></i>
						</div>
					</div>
				</div>
			</div>
		</div>
	</div>
	<div class="row">
		<div class="col-md-12">
			<div class="card">
				<div class="card-header">
					<h6 class="card-title">Timeline</h6>
				</div>
				<div class="card-body">
					<div class="">
						<canvas id="timeline" height="120"></canvas>
					</div>
				</div>
			</div>
		</div>
	</div>
	<div class="row">
		<div class="col-md-4">
			<div class="card">
				<div class="card-header">
					<h6 class="card-title">Environment</h6>
				</div>
				<div class="table-overflow">
					<table class="table table-sm">
						<thead>
							<tr class="bg-gray">
								<th>Name</th>
								<th>Value</th>
							</tr>
						</thead>
						<tbody>
							<tr>
								<td>Automation Tester</td>
								<td>Tehan Joshi</td>
							</tr>
							<tr>
								<td>Organization</td>
								<td>TJ's</td>
							</tr>
							<tr>
								<td>Build no</td>
								<td>27</td>
							</tr>
						</tbody>
					</table>
				</div>
			</div>
		</div>
	</div>
</div>
<script>
	var statusGroup = {
	    parentCount: 8,
		passParent: 6,
		failParent: 2,
		fatalParent: 0,
		errorParent: 0,
		warningParent: 0,
		skipParent: 0,
		exceptionsParent: 2,
		childCount: 0,
		passChild: 0,
		failChild: 0,
		fatalChild: 0,
		errorChild: 0,
		warningChild: 0,
		skipChild: 0,
		infoChild: 0,
		debugChild: 0,
		exceptionsChild: 0,
		grandChildCount: 0,
		passGrandChild: 0,
		failGrandChild: 0,
		fatalGrandChild: 0,
		errorGrandChild: 0,
		warningGrandChild: 0,
		skipGrandChild: 0,
		infoGrandChild: 0,
		debugGrandChild: 0,
		exceptionsGrandChild: 0,
		eventsCount: 12,
		passEvents: 6,
		failEvents: 6,
		fatalEvents: 0,
		errorEvents: 0,
		warningEvents: 0,
		skipEvents: 0,
		infoEvents: 0,
		debugEvents: 0,
		exceptionsEvents: 0
	};
</script>
<script>
	var timeline = {
	        "com.crm.qa.testcases.CreateAccountPageTest @TestCase : verifyFormFilledSuccessfully":14.873,"com.crm.qa.testcases.MyAccountPageTest @TestCase : verifyLogoutLoginSuccessfully":11.01,"com.crm.qa.testcases.OrderConfirmationPageTest @TestCase : verifyCorrectAmountCalculated":16.538,"com.crm.qa.testcases.OrderConfirmationPageTest @TestCase : verifyCorrectAmountShownInOrderHistoryPage":30.712,"com.crm.qa.testcases.OrderConfirmationPageTest @TestCase : verifyCorrectAmountShownInPaymentPage":22.844,"com.crm.qa.testcases.OrderConfirmationPageTest @TestCase : verifyCorrectAmountShownInShoppingCartSummaryPage":13.291,"com.crm.qa.testcases.OrderConfirmationPageTest @TestCase : verifyCorrectTotalAmountCalculated":15.799,"com.crm.qa.testcases.OrderConfirmationPageTest @TestCase : verifyOrderPlacedSuccessfully":24.403
	};
</script>
                </div>
            </div>
        </div>
    </div>
    <script src="https://cdn.jsdelivr.net/gh/extent-framework/extent-github-cdn@ac7abbc71b4bb073da00153a5a3fdbcfe0c95e2a/spark/js/spark-script.js"></script>
<script type="text/javascript">


</script></body>
</html>